action: GLOB, msg: packaging
cwd: E:\MLOPS\sample_app
cmd: 'c:\users\prath\anaconda3\envs\wine-q\python.exe' setup.py sdist --formats=zip --dist-dir 'E:\MLOPS\sample_app\.tox\dist'
running sdist
running egg_info
writing MLops_Wine.egg-info\PKG-INFO
writing dependency_links to MLops_Wine.egg-info\dependency_links.txt
writing top-level names to MLops_Wine.egg-info\top_level.txt
reading manifest file 'MLops_Wine.egg-info\SOURCES.txt'
writing manifest file 'MLops_Wine.egg-info\SOURCES.txt'
warning: sdist: standard file not found: should have one of README, README.rst, README.txt, README.md

running check
warning: check: missing required meta-data: url

warning: check: missing meta-data: if 'author' supplied, 'author_email' must be supplied too

creating MLops_Wine-0.0.1
creating MLops_Wine-0.0.1\MLops_Wine.egg-info
creating MLops_Wine-0.0.1\src
creating MLops_Wine-0.0.1\tests
copying files to MLops_Wine-0.0.1...
copying setup.py -> MLops_Wine-0.0.1
copying MLops_Wine.egg-info\PKG-INFO -> MLops_Wine-0.0.1\MLops_Wine.egg-info
copying MLops_Wine.egg-info\SOURCES.txt -> MLops_Wine-0.0.1\MLops_Wine.egg-info
copying MLops_Wine.egg-info\dependency_links.txt -> MLops_Wine-0.0.1\MLops_Wine.egg-info
copying MLops_Wine.egg-info\top_level.txt -> MLops_Wine-0.0.1\MLops_Wine.egg-info
copying src\__init__.py -> MLops_Wine-0.0.1\src
copying src\get_data.py -> MLops_Wine-0.0.1\src
copying src\load_data.py -> MLops_Wine-0.0.1\src
copying src\split_data.py -> MLops_Wine-0.0.1\src
copying src\train_and_evaluate.py -> MLops_Wine-0.0.1\src
copying tests\__init__.py -> MLops_Wine-0.0.1\tests
copying tests\config_test.py -> MLops_Wine-0.0.1\tests
copying tests\conftest.py -> MLops_Wine-0.0.1\tests
Writing MLops_Wine-0.0.1\setup.cfg
creating E:\MLOPS\sample_app\.tox\dist
creating 'E:\MLOPS\sample_app\.tox\dist\MLops_Wine-0.0.1.zip' and adding 'MLops_Wine-0.0.1' to it
adding 'MLops_Wine-0.0.1\PKG-INFO'
adding 'MLops_Wine-0.0.1\setup.cfg'
adding 'MLops_Wine-0.0.1\setup.py'
adding 'MLops_Wine-0.0.1\MLops_Wine.egg-info\dependency_links.txt'
adding 'MLops_Wine-0.0.1\MLops_Wine.egg-info\PKG-INFO'
adding 'MLops_Wine-0.0.1\MLops_Wine.egg-info\SOURCES.txt'
adding 'MLops_Wine-0.0.1\MLops_Wine.egg-info\top_level.txt'
adding 'MLops_Wine-0.0.1\src\get_data.py'
adding 'MLops_Wine-0.0.1\src\load_data.py'
adding 'MLops_Wine-0.0.1\src\split_data.py'
adding 'MLops_Wine-0.0.1\src\train_and_evaluate.py'
adding 'MLops_Wine-0.0.1\src\__init__.py'
adding 'MLops_Wine-0.0.1\tests\config_test.py'
adding 'MLops_Wine-0.0.1\tests\conftest.py'
adding 'MLops_Wine-0.0.1\tests\__init__.py'
removing 'MLops_Wine-0.0.1' (and everything under it)
